Warning: No available formula with the name "exa". Did you mean eza or eva?
Warning: openjdk@21 was installed but not linked because openjdk and openjdk@11 are already installed.
To link this version, run:
  brew link openjdk@21
Warning: No available formula with the name "bun". Did you mean bup, buf or run?
Warning: qmk-toolbox has been deprecated because it does not pass the macOS Gatekeeper check! It will be disabled on 2026-09-01.
Warning: qmk-toolbox has been deprecated because it does not pass the macOS Gatekeeper check! It will be disabled on 2026-09-01.
Error: It seems there is already an App at '/Applications/Raycast.app'.
npm error code E404
npm error 404 Not Found - GET https://registry.npmjs.org/prettierd - Not found
npm error 404
npm error 404  'prettierd@*' is not in this registry.
npm error 404
npm error 404 Note that you can also install from a
npm error 404 tarball, folder, http url, or git url.
npm error A complete log of this run can be found in: /Users/joshfri/.npm/_logs/2026-04-28T21_07_18_949Z-debug-0.log
error: externally-managed-environment

× This environment is externally managed
╰─> To install Python packages system-wide, try brew install
    xyz, where xyz is the package you are trying to
    install.
    
    If you wish to install a Python library that isn't in Homebrew,
    use a virtual environment:
    
    python3 -m venv path/to/venv
    source path/to/venv/bin/activate
    python3 -m pip install xyz
    
    If you wish to install a Python application that isn't in Homebrew,
    it may be easiest to use 'pipx install xyz', which will manage a
    virtual environment for you. You can install pipx with
    
    brew install pipx
    
    You may restore the old behavior of pip by passing
    the '--break-system-packages' flag to pip, or by adding
    'break-system-packages = true' to your pip.conf file. The latter
    will permanently disable this error.
    
    If you disable this error, we STRONGLY recommend that you additionally
    pass the '--user' flag to pip, or set 'user = true' in your pip.conf
    file. Failure to do this can result in a broken Homebrew installation.
    
    Read more about this behavior here: <https://peps.python.org/pep-0668/>

note: If you believe this is a mistake, please contact your Python installation or OS distribution provider. You can override this, at the risk of breaking your Python installation or OS, by passing --break-system-packages.
hint: See PEP 668 for the detailed specification.
go: golang.org/x/tools/gopls@latest: module golang.org/x/tools/gopls: Get "https://proxy.golang.org/golang.org/x/tools/gopls/@v/list": dial tcp: lookup proxy.golang.org: i/o timeout
go: github.com/incu6us/goimports-reviser/v3@latest: module github.com/incu6us/goimports-reviser/v3: Get "https://proxy.golang.org/github.com/incu6us/goimports-reviser/v3/@v/list": dial tcp: lookup proxy.golang.org: no such host
go: github.com/golangci/golangci-lint/cmd/golangci-lint@latest: module github.com/golangci/golangci-lint/cmd/golangci-lint: Get "https://proxy.golang.org/github.com/golangci/golangci-lint/cmd/golangci-lint/@v/list": dial tcp: lookup proxy.golang.org: no such host
